<?xml version="1.0" encoding="UTF-8"?>
<!-- Generated by org.testng.reporters.JUnitReportReporter -->
<testsuite hostname="adarshgarg" failures="0" tests="1" name="tests.ItemSelectTest" time="177.056" errors="0" timestamp="11 Nov 2020 08:40:00 GMT" skipped="0">
  <testcase classname="tests.ItemSelectTest" name="selectItem" time="177.056"/>
</testsuite> <!-- tests.ItemSelectTest -->
