<?xml version="1.0" encoding="UTF-8"?>
<!-- Generated by org.testng.reporters.JUnitReportReporter -->
<testsuite hostname="adarshgarg" failures="0" tests="1" name="tests.PRegistrationTest" time="25.104" errors="0" timestamp="12 Nov 2020 11:33:27 GMT" skipped="0">
  <testcase classname="tests.PRegistrationTest" name="registration" time="25.104"/>
</testsuite> <!-- tests.PRegistrationTest -->
